Mar  5 20:18:37 med-tracker-prod-03 medication-tracker[8472]: INFO - Starting batch medication schedule generation for 127 patients
Mar  5 20:18:37 med-tracker-prod-03 medication-tracker[8472]: INFO - Batch job ID: batch-schedule-gen-20260305-201800
Mar  5 20:18:37 med-tracker-prod-03 medication-tracker[8472]: INFO - Processing patient 1/127: P-44444 (MRN-2024-777888)
Mar  5 20:18:38 med-tracker-prod-03 medication-tracker[8472]: ERROR - Failed to process patient P-44444: unsupported operand type(s) for +: 'int' and 'str'
Mar  5 20:18:38 med-tracker-prod-03 medication-tracker[8472]: ERROR - Traceback (most recent call last):
Mar  5 20:18:38 med-tracker-prod-03 medication-tracker[8472]: ERROR -   File "/opt/hospital/medication-tracker/src/medication_tracker/batch/schedule_generator.py", line 123, in generate_schedule
Mar  5 20:18:38 med-tracker-prod-03 medication-tracker[8472]: ERROR -     total_daily_dose = base_dose + adjustment
Mar  5 20:18:38 med-tracker-prod-03 medication-tracker[8472]: ERROR - TypeError: unsupported operand type(s) for +: 'int' and 'str'
Mar  5 20:18:38 med-tracker-prod-03 medication-tracker[8472]: INFO - Processing patient 2/127: P-44445 (MRN-2024-777889)
Mar  5 20:18:39 med-tracker-prod-03 medication-tracker[8472]: ERROR - Failed to process patient P-44445: unsupported operand type(s) for +: 'int' and 'str'
Mar  5 20:18:39 med-tracker-prod-03 medication-tracker[8472]: ERROR - Traceback (most recent call last):
Mar  5 20:18:39 med-tracker-prod-03 medication-tracker[8472]: ERROR -   File "/opt/hospital/medication-tracker/src/medication_tracker/batch/schedule_generator.py", line 123, in generate_schedule
Mar  5 20:18:39 med-tracker-prod-03 medication-tracker[8472]: ERROR -     total_daily_dose = base_dose + adjustment
Mar  5 20:18:39 med-tracker-prod-03 medication-tracker[8472]: ERROR - TypeError: unsupported operand type(s) for +: 'int' and 'str'
Mar  5 20:18:39 med-tracker-prod-03 medication-tracker[8472]: INFO - Processing patient 3/127: P-44446 (MRN-2024-777890)
Mar  5 20:18:40 med-tracker-prod-03 medication-tracker[8472]: ERROR - Failed to process patient P-44446: unsupported operand type(s) for +: 'int' and 'str'
Mar  5 20:18:40 med-tracker-prod-03 medication-tracker[8472]: ERROR - Traceback (most recent call last):
Mar  5 20:18:40 med-tracker-prod-03 medication-tracker[8472]: ERROR -   File "/opt/hospital/medication-tracker/src/medication_tracker/batch/schedule_generator.py", line 123, in generate_schedule
Mar  5 20:18:40 med-tracker-prod-03 medication-tracker[8472]: ERROR -     total_daily_dose = base_dose + adjustment
Mar  5 20:18:40 med-tracker-prod-03 medication-tracker[8472]: ERROR - TypeError: unsupported operand type(s) for +: 'int' and 'str'
Mar  5 20:18:40 med-tracker-prod-03 medication-tracker[8472]: INFO - Processing patient 4/127: P-44447 (MRN-2024-777891)
Mar  5 20:18:41 med-tracker-prod-03 medication-tracker[8472]: ERROR - Failed to process patient P-44447: unsupported operand type(s) for +: 'int' and 'str'
Mar  5 20:18:41 med-tracker-prod-03 medication-tracker[8472]: ERROR - Traceback (most recent call last):
Mar  5 20:18:41 med-tracker-prod-03 medication-tracker[8472]: ERROR -   File "/opt/hospital/medication-tracker/src/medication_tracker/batch/schedule_generator.py", line 123, in generate_schedule
Mar  5 20:18:41 med-tracker-prod-03 medication-tracker[8472]: ERROR -     total_daily_dose = base_dose + adjustment
Mar  5 20:18:41 med-tracker-prod-03 medication-tracker[8472]: ERROR - TypeError: unsupported operand type(s) for +: 'int' and 'str'
Mar  5 20:18:41 med-tracker-prod-03 medication-tracker[8472]: INFO - Processing patient 5/127: P-44448 (MRN-2024-777892)
Mar  5 20:18:42 med-tracker-prod-03 medication-tracker[8472]: ERROR - Failed to process patient P-44448: unsupported operand type(s) for +: 'int' and 'str'
Mar  5 20:18:42 med-tracker-prod-03 medication-tracker[8472]: ERROR - Traceback (most recent call last):
Mar  5 20:18:42 med-tracker-prod-03 medication-tracker[8472]: ERROR -   File "/opt/hospital/medication-tracker/src/medication_tracker/batch/schedule_generator.py", line 123, in generate_schedule
Mar  5 20:18:42 med-tracker-prod-03 medication-tracker[8472]: ERROR -     total_daily_dose = base_dose + adjustment
Mar  5 20:18:42 med-tracker-prod-03 medication-tracker[8472]: ERROR - TypeError: unsupported operand type(s) for +: 'int' and 'str'
Mar  5 20:18:42 med-tracker-prod-03 medication-tracker[8472]: INFO - Processing patient 6/127: P-44449 (MRN-2024-777893)
Mar  5 20:18:43 med-tracker-prod-03 medication-tracker[8472]: ERROR - Failed to process patient P-44449: unsupported operand type(s) for +: 'int' and 'str'
Mar  5 20:18:43 med-tracker-prod-03 medication-tracker[8472]: ERROR - Traceback (most recent call last):
Mar  5 20:18:43 med-tracker-prod-03 medication-tracker[8472]: ERROR -   File "/opt/hospital/medication-tracker/src/medication_tracker/batch/schedule_generator.py", line 123, in generate_schedule
Mar  5 20:18:43 med-tracker-prod-03 medication-tracker[8472]: ERROR -     total_daily_dose = base_dose + adjustment
Mar  5 20:18:43 med-tracker-prod-03 medication-tracker[8472]: ERROR - TypeError: unsupported operand type(s) for +: 'int' and 'str'
Mar  5 20:18:43 med-tracker-prod-03 medication-tracker[8472]: INFO - Processing patient 7/127: P-44450 (MRN-2024-777894)
Mar  5 20:18:44 med-tracker-prod-03 medication-tracker[8472]: ERROR - Failed to process patient P-44450: unsupported operand type(s) for +: 'int' and 'str'
Mar  5 20:18:44 med-tracker-prod-03 medication-tracker[8472]: ERROR - Traceback (most recent call last):
Mar  5 20:18:44 med-tracker-prod-03 medication-tracker[8472]: ERROR -   File "/opt/hospital/medication-tracker/src/medication_tracker/batch/schedule_generator.py", line 123, in generate_schedule
Mar  5 20:18:44 med-tracker-prod-03 medication-tracker[8472]: ERROR -     total_daily_dose = base_dose + adjustment
Mar  5 20:18:44 med-tracker-prod-03 medication-tracker[8472]: ERROR - TypeError: unsupported operand type(s) for +: 'int' and 'str'
Mar  5 20:18:44 med-tracker-prod-03 medication-tracker[8472]: INFO - Processing patient 8/127: P-44451 (MRN-2024-777895)
Mar  5 20:18:45 med-tracker-prod-03 medication-tracker[8472]: ERROR - Failed to process patient P-44451: unsupported operand type(s) for +: 'int' and 'str'
Mar  5 20:18:45 med-tracker-prod-03 medication-tracker[8472]: ERROR - Traceback (most recent call last):
Mar  5 20:18:45 med-tracker-prod-03 medication-tracker[8472]: ERROR -   File "/opt/hospital/medication-tracker/src/medication_tracker/batch/schedule_generator.py", line 123, in generate_schedule
Mar  5 20:18:45 med-tracker-prod-03 medication-tracker[8472]: ERROR -     total_daily_dose = base_dose + adjustment
Mar  5 20:18:45 med-tracker-prod-03 medication-tracker[8472]: ERROR - TypeError: unsupported operand type(s) for +: 'int' and 'str'
Mar  5 20:18:45 med-tracker-prod-03 medication-tracker[8472]: INFO - Processing patient 9/127: P-44452 (MRN-2024-777896)
Mar  5 20:18:46 med-tracker-prod-03 medication-tracker[8472]: ERROR - Failed to process patient P-44452: unsupported operand type(s) for +: 'int' and 'str'
Mar  5 20:18:46 med-tracker-prod-03 medication-tracker[8472]: ERROR - Traceback (most recent call last):
Mar  5 20:18:46 med-tracker-prod-03 medication-tracker[8472]: ERROR -   File "/opt/hospital/medication-tracker/src/medication_tracker/batch/schedule_generator.py", line 123, in generate_schedule
Mar  5 20:18:46 med-tracker-prod-03 medication-tracker[8472]: ERROR -     total_daily_dose = base_dose + adjustment
Mar  5 20:18:46 med-tracker-prod-03 medication-tracker[8472]: ERROR - TypeError: unsupported operand type(s) for +: 'int' and 'str'
Mar  5 20:18:46 med-tracker-prod-03 medication-tracker[8472]: INFO - Processing patient 10/127: P-44453 (MRN-2024-777897)
Mar  5 20:18:47 med-tracker-prod-03 medication-tracker[8472]: ERROR - Failed to process patient P-44453: unsupported operand type(s) for +: 'int' and 'str'
Mar  5 20:18:47 med-tracker-prod-03 medication-tracker[8472]: ERROR - Traceback (most recent call last):
Mar  5 20:18:47 med-tracker-prod-03 medication-tracker[8472]: ERROR -   File "/opt/hospital/medication-tracker/src/medication_tracker/batch/schedule_generator.py", line 123, in generate_schedule
Mar  5 20:18:47 med-tracker-prod-03 medication-tracker[8472]: ERROR -     total_daily_dose = base_dose + adjustment
Mar  5 20:18:47 med-tracker-prod-03 medication-tracker[8472]: ERROR - TypeError: unsupported operand type(s) for +: 'int' and 'str'
Mar  5 20:18:47 med-tracker-prod-03 medication-tracker[8472]: INFO - Processing patient 11/127: P-44454 (MRN-2024-777898)
Mar  5 20:18:48 med-tracker-prod-03 medication-tracker[8472]: ERROR - Failed to process patient P-44454: unsupported operand type(s) for +: 'int' and 'str'
Mar  5 20:18:48 med-tracker-prod-03 medication-tracker[8472]: ERROR - Traceback (most recent call last):
Mar  5 20:18:48 med-tracker-prod-03 medication-tracker[8472]: ERROR -   File "/opt/hospital/medication-tracker/src/medication_tracker/batch/schedule_generator.py", line 123, in generate_schedule
Mar  5 20:18:48 med-tracker-prod-03 medication-tracker[8472]: ERROR -     total_daily_dose = base_dose + adjustment
Mar  5 20:18:48 med-tracker-prod-03 medication-tracker[8472]: ERROR - TypeError: unsupported operand type(s) for +: 'int' and 'str'
Mar  5 20:18:48 med-tracker-prod-03 medication-tracker[8472]: INFO - Processing patient 12/127: P-44455 (MRN-2024-777899)
Mar  5 20:18:49 med-tracker-prod-03 medication-tracker[8472]: ERROR - Failed to process patient P-44455: unsupported operand type(s) for +: 'int' and 'str'
Mar  5 20:18:49 med-tracker-prod-03 medication-tracker[8472]: ERROR - Traceback (most recent call last):
Mar  5 20:18:49 med-tracker-prod-03 medication-tracker[8472]: ERROR -   File "/opt/hospital/medication-tracker/src/medication_tracker/batch/schedule_generator.py", line 123, in generate_schedule
Mar  5 20:18:49 med-tracker-prod-03 medication-tracker[8472]: ERROR -     total_daily_dose = base_dose + adjustment
Mar  5 20:18:49 med-tracker-prod-03 medication-tracker[8472]: ERROR - TypeError: unsupported operand type(s) for +: 'int' and 'str'
Mar  5 20:18:49 med-tracker-prod-03 medication-tracker[8472]: INFO - Processing patient 13/127: P-44456 (MRN-2024-777900)
Mar  5 20:18:50 med-tracker-prod-03 medication-tracker[8472]: ERROR - Failed to process patient P-44456: unsupported operand type(s) for +: 'int' and 'str'
Mar  5 20:18:50 med-tracker-prod-03 medication-tracker[8472]: ERROR - Traceback (most recent call last):
Mar  5 20:18:50 med-tracker-prod-03 medication-tracker[8472]: ERROR -   File "/opt/hospital/medication-tracker/src/medication_tracker/batch/schedule_generator.py", line 123, in generate_schedule
Mar  5 20:18:50 med-tracker-prod-03 medication-tracker[8472]: ERROR -     total_daily_dose = base_dose + adjustment
Mar  5 20:18:50 med-tracker-prod-03 medication-tracker[8472]: ERROR - TypeError: unsupported operand type(s) for +: 'int' and 'str'
Mar  5 20:18:50 med-tracker-prod-03 medication-tracker[8472]: INFO - Processing patient 14/127: P-44457 (MRN-2024-777901)
Mar  5 20:18:51 med-tracker-prod-03 medication-tracker[8472]: ERROR - Failed to process patient P-44457: unsupported operand type(s) for +: 'int' and 'str'
Mar  5 20:18:51 med-tracker-prod-03 medication-tracker[8472]: ERROR - Traceback (most recent call last):
Mar  5 20:18:51 med-tracker-prod-03 medication-tracker[8472]: ERROR -   File "/opt/hospital/medication-tracker/src/medication_tracker/batch/schedule_generator.py", line 123, in generate_schedule
Mar  5 20:18:51 med-tracker-prod-03 medication-tracker[8472]: ERROR -     total_daily_dose = base_dose + adjustment
Mar  5 20:18:51 med-tracker-prod-03 medication-tracker[8472]: ERROR - TypeError: unsupported operand type(s) for +: 'int' and 'str'
Mar  5 20:18:51 med-tracker-prod-03 medication-tracker[8472]: INFO - Processing patient 15/127: P-44458 (MRN-2024-777902)
Mar  5 20:18:52 med-tracker-prod-03 medication-tracker[8472]: ERROR - Failed to process patient P-44458: unsupported operand type(s) for +: 'int' and 'str'
Mar  5 20:18:52 med-tracker-prod-03 medication-tracker[8472]: ERROR - Traceback (most recent call last):
Mar  5 20:18:52 med-tracker-prod-03 medication-tracker[8472]: ERROR -   File "/opt/hospital/medication-tracker/src/medication_tracker/batch/schedule_generator.py", line 123, in generate_schedule
Mar  5 20:18:52 med-tracker-prod-03 medication-tracker[8472]: ERROR -     total_daily_dose = base_dose + adjustment
Mar  5 20:18:52 med-tracker-prod-03 medication-tracker[8472]: ERROR - TypeError: unsupported operand type(s) for +: 'int' and 'str'
Mar  5 20:18:52 med-tracker-prod-03 medication-tracker[8472]: ERROR - Batch job failed after processing 15/127 patients
Mar  5 20:18:52 med-tracker-prod-03 medication-tracker[8472]: ERROR - Total runtime: 15 seconds | Processed: 15/127 (11.8%) | Success rate: 0%
